<?xml version="1.0" encoding="UTF-8"?>
<!-- Generated by org.testng.reporters.JUnitXMLReporter -->
<testsuite hostname="DESKTOP-TA8ALSD" failures="0" tests="4" name="Default test" time="11.008" errors="0" timestamp="23 Jan 2022 11:24:52 GMT">
  <testcase classname="ExtentReporting.learnExtentReprt.FreshFile" name="DropDownByIndex" time="0.0">
    <skipped/>
  </testcase> <!-- DropDownByIndex -->
  <testcase classname="ExtentReporting.learnExtentReprt.FreshFile" name="DropDownByValue" time="0.0">
    <skipped/>
  </testcase> <!-- DropDownByValue -->
  <testcase classname="ExtentReporting.learnExtentReprt.FreshFile" name="DropDownVisibleText" time="0.0">
    <skipped/>
  </testcase> <!-- DropDownVisibleText -->
  <testcase classname="ExtentReporting.learnExtentReprt.FreshFile" name="InitialDemo" time="10.804"/>
</testsuite> <!-- Default test -->
