<?xml version="1.0" encoding="UTF-8"?>
<testng-results ignored="0" total="1" passed="1" failed="0" skipped="0">
  <reporter-output>
  </reporter-output>
  <suite started-at="2022-01-13T17:50:38 IST" name="Default suite" finished-at="2022-01-13T17:50:39 IST" duration-ms="1346">
    <groups>
    </groups>
    <test started-at="2022-01-13T17:50:38 IST" name="Default test" finished-at="2022-01-13T17:50:39 IST" duration-ms="1346">
      <class name="APITesting.APITesting.AppTest">
        <test-method signature="Test01_GET()[pri:0, instance:APITesting.APITesting.AppTest@636be97c]" started-at="2022-01-13T17:50:38 IST" name="Test01_GET" finished-at="2022-01-13T17:50:39 IST" duration-ms="1311" status="PASS">
          <reporter-output>
          </reporter-output>
        </test-method> <!-- Test01_GET -->
      </class> <!-- APITesting.APITesting.AppTest -->
    </test> <!-- Default test -->
  </suite> <!-- Default suite -->
</testng-results>
