<?xml version="1.0" encoding="UTF-8"?>
<testng-results total="1" passed="1" failed="0" skipped="0">
  <reporter-output>
  </reporter-output>
  <suite started-at="2022-01-22T12:54:23Z" name="Default suite" finished-at="2022-01-22T12:54:28Z" duration-ms="5325">
    <groups>
    </groups>
    <test started-at="2022-01-22T12:54:23Z" name="Default test" finished-at="2022-01-22T12:54:28Z" duration-ms="5325">
      <class name="ExtentReport.learnER.LearnER">
        <test-method is-config="true" signature="config()[pri:0, instance:ExtentReport.learnER.LearnER@2b4bac49]" started-at="2022-01-22T12:54:23Z" name="config" finished-at="2022-01-22T12:54:23Z" duration-ms="222" status="PASS">
          <reporter-output>
          </reporter-output>
        </test-method> <!-- config -->
        <test-method signature="InitialDemo()[pri:0, instance:ExtentReport.learnER.LearnER@2b4bac49]" started-at="2022-01-22T12:54:23Z" name="InitialDemo" finished-at="2022-01-22T12:54:28Z" duration-ms="5090" status="PASS">
          <reporter-output>
          </reporter-output>
        </test-method> <!-- InitialDemo -->
      </class> <!-- ExtentReport.learnER.LearnER -->
    </test> <!-- Default test -->
  </suite> <!-- Default suite -->
</testng-results>
